<?xml version="1.0" encoding="utf-8"?><testsuites name="pytest tests"><testsuite name="pytest" errors="0" failures="0" skipped="0" tests="11" time="7.618" timestamp="2026-03-29T05:53:01.976146+00:00" hostname="agent-env-8167b9c8-ec0a-47c4-bc13-87fe04f15fb9"><testcase classname="backend.tests.test_admin_send_ftc_v2.TestAdminSendFTC" name="test_admin_send_ftc_success" time="0.475" /><testcase classname="backend.tests.test_admin_send_ftc_v2.TestAdminSendFTC" name="test_admin_send_ftc_invalid_amount" time="0.499" /><testcase classname="backend.tests.test_admin_send_ftc_v2.TestAdminSendFTC" name="test_admin_send_ftc_invalid_recipient" time="0.259" /><testcase classname="backend.tests.test_admin_send_ftc_v2.TestAdminSendFTC" name="test_admin_send_ftc_no_fee" time="2.244" /><testcase classname="backend.tests.test_admin_send_ftc_v2.TestAdminTransfers" name="test_get_admin_transfers" time="0.487" /><testcase classname="backend.tests.test_admin_send_ftc_v2.TestTransactionDetails" name="test_get_transaction_details_from_ledger" time="0.820" /><testcase classname="backend.tests.test_admin_send_ftc_v2.TestTransactionDetails" name="test_get_transaction_details_not_found" time="0.224" /><testcase classname="backend.tests.test_admin_send_ftc_v2.TestGlobalLedgerAdminSend" name="test_admin_send_appears_in_global_ledger" time="1.102" /><testcase classname="backend.tests.test_admin_send_ftc_v2.TestGlobalLedgerAdminSend" name="test_global_ledger_shows_all_transaction_types" time="0.191" /><testcase classname="backend.tests.test_admin_send_ftc_v2.TestGlobalLedgerAdminSend" name="test_global_ledger_has_wallet_addresses" time="0.227" /><testcase classname="backend.tests.test_admin_send_ftc_v2.TestGlobalLedgerStats" name="test_global_stats_include_send_counts" time="0.612" /></testsuite></testsuites>