<?xml version="1.0" encoding="utf-8"?><testsuites name="pytest tests"><testsuite name="pytest" errors="0" failures="0" skipped="0" tests="17" time="6.222" timestamp="2026-03-28T18:59:13.535273+00:00" hostname="agent-env-8167b9c8-ec0a-47c4-bc13-87fe04f15fb9"><testcase classname="backend.tests.test_admin_wallet_send_ftc.TestAdminWallet" name="test_get_admin_wallet" time="0.285" /><testcase classname="backend.tests.test_admin_wallet_send_ftc.TestAdminWallet" name="test_update_admin_wallet_valid" time="0.439" /><testcase classname="backend.tests.test_admin_wallet_send_ftc.TestAdminWallet" name="test_update_admin_wallet_invalid_short" time="0.148" /><testcase classname="backend.tests.test_admin_wallet_send_ftc.TestAdminWallet" name="test_get_admin_fee_history" time="0.133" /><testcase classname="backend.tests.test_admin_wallet_send_ftc.TestFeeCalculator" name="test_fee_calculator_band_1" time="0.136" /><testcase classname="backend.tests.test_admin_wallet_send_ftc.TestFeeCalculator" name="test_fee_calculator_band_2" time="0.119" /><testcase classname="backend.tests.test_admin_wallet_send_ftc.TestFeeCalculator" name="test_fee_calculator_band_3" time="0.126" /><testcase classname="backend.tests.test_admin_wallet_send_ftc.TestFeeCalculator" name="test_fee_calculator_band_4" time="0.173" /><testcase classname="backend.tests.test_admin_wallet_send_ftc.TestFeeCalculator" name="test_fee_calculator_band_5" time="0.134" /><testcase classname="backend.tests.test_admin_wallet_send_ftc.TestFeeCalculator" name="test_fee_calculator_zero_amount" time="0.127" /><testcase classname="backend.tests.test_admin_wallet_send_ftc.TestFeeCalculator" name="test_fee_calculator_includes_structure" time="0.121" /><testcase classname="backend.tests.test_admin_wallet_send_ftc.TestSendFTC" name="test_send_ftc_requires_auth" time="0.135" /><testcase classname="backend.tests.test_admin_wallet_send_ftc.TestSendFTC" name="test_send_ftc_invalid_amount" time="0.556" /><testcase classname="backend.tests.test_admin_wallet_send_ftc.TestSendFTC" name="test_send_ftc_invalid_recipient" time="0.524" /><testcase classname="backend.tests.test_admin_wallet_send_ftc.TestSendFTC" name="test_send_ftc_to_self" time="0.766" /><testcase classname="backend.tests.test_admin_wallet_send_ftc.TestSendFTC" name="test_get_transfer_history" time="0.541" /><testcase classname="backend.tests.test_admin_wallet_send_ftc.TestSendFTCIntegration" name="test_send_ftc_full_flow" time="1.557" /></testsuite></testsuites>