<?xml version="1.0" encoding="utf-8"?><testsuites name="pytest tests"><testsuite name="pytest" errors="0" failures="0" skipped="0" tests="14" time="23.253" timestamp="2026-03-30T05:20:46.391950+00:00" hostname="agent-env-938d6268-d30a-4669-8b7d-a5528d4622c9"><testcase classname="backend.tests.test_atomic_transactions.TestAtomicTransactions" name="test_01_get_wallet_returns_balance_address_transactions" time="2.003" /><testcase classname="backend.tests.test_atomic_transactions.TestAtomicTransactions" name="test_02_get_transactions_returns_full_history" time="2.226" /><testcase classname="backend.tests.test_atomic_transactions.TestAtomicTransactions" name="test_03_get_notifications_returns_user_notifications" time="1.205" /><testcase classname="backend.tests.test_atomic_transactions.TestAtomicTransactions" name="test_04_send_ftc_creates_atomic_transaction" time="1.592" /><testcase classname="backend.tests.test_atomic_transactions.TestAtomicTransactions" name="test_05_sender_balance_decreases_after_send" time="1.480" /><testcase classname="backend.tests.test_atomic_transactions.TestAtomicTransactions" name="test_06_transaction_recorded_in_ftc_transfers" time="1.529" /><testcase classname="backend.tests.test_atomic_transactions.TestAtomicTransactions" name="test_07_notifications_created_for_sender" time="1.669" /><testcase classname="backend.tests.test_atomic_transactions.TestAtomicTransactions" name="test_08_admin_wallet_receives_fee" time="2.333" /><testcase classname="backend.tests.test_atomic_transactions.TestAtomicTransactions" name="test_09_insufficient_balance_shows_failed_status" time="1.237" /><testcase classname="backend.tests.test_atomic_transactions.TestAtomicTransactions" name="test_10_invalid_wallet_address_rejected" time="1.230" /><testcase classname="backend.tests.test_atomic_transactions.TestAtomicTransactions" name="test_11_cannot_send_to_self" time="1.252" /><testcase classname="backend.tests.test_atomic_transactions.TestAtomicTransactions" name="test_12_wallet_stream_endpoint_exists" time="1.781" /><testcase classname="backend.tests.test_atomic_transactions.TestReceiverBalance" name="test_receiver_wallet_verification" time="1.477" /><testcase classname="backend.tests.test_atomic_transactions.TestBlockchainLedger" name="test_blockchain_ledger_records_exist" time="1.681" /></testsuite></testsuites>