<?xml version="1.0" encoding="utf-8"?><testsuites name="pytest tests"><testsuite name="pytest" errors="0" failures="0" skipped="0" tests="13" time="14.106" timestamp="2026-03-28T08:43:47.869438+00:00" hostname="agent-env-d0e39481-1d70-4600-8040-4e9e2c8c8c73"><testcase classname="backend.tests.test_global_nutrition.TestGlobalNutritionPrices" name="test_global_prices_endpoint_returns_200" time="0.367" /><testcase classname="backend.tests.test_global_nutrition.TestGlobalNutritionPrices" name="test_global_prices_has_required_fields" time="0.475" /><testcase classname="backend.tests.test_global_nutrition.TestGlobalNutritionPrices" name="test_price_data_structure" time="0.501" /><testcase classname="backend.tests.test_global_nutrition.TestGlobalNutritionPrices" name="test_two_calls_within_3_seconds_return_same_prices" time="1.293" /><testcase classname="backend.tests.test_global_nutrition.TestGlobalNutritionPrices" name="test_prices_update_after_3_seconds" time="4.458" /><testcase classname="backend.tests.test_global_nutrition.TestGlobalLedger" name="test_global_ledger_endpoint_returns_200" time="0.297" /><testcase classname="backend.tests.test_global_nutrition.TestGlobalLedger" name="test_global_ledger_has_required_fields" time="0.459" /><testcase classname="backend.tests.test_global_nutrition.TestGlobalLedger" name="test_transaction_data_structure" time="0.354" /><testcase classname="backend.tests.test_global_nutrition.TestGlobalLedgerRecord" name="test_record_transaction_requires_auth" time="0.352" /><testcase classname="backend.tests.test_global_nutrition.TestGlobalLedgerRecord" name="test_record_transaction_success" time="1.347" /><testcase classname="backend.tests.test_global_nutrition.TestGlobalLedgerRecord" name="test_recorded_transaction_appears_in_global_ledger" time="1.916" /><testcase classname="backend.tests.test_global_nutrition.TestGlobalSyncVerification" name="test_prices_consistent_across_multiple_requests" time="1.357" /><testcase classname="backend.tests.test_global_nutrition.TestGlobalSyncVerification" name="test_ledger_consistent_across_multiple_requests" time="0.542" /></testsuite></testsuites>