<?xml version="1.0" encoding="utf-8"?><testsuites name="pytest tests"><testsuite name="pytest" errors="0" failures="0" skipped="0" tests="11" time="8.913" timestamp="2026-03-27T12:54:15.522417+00:00" hostname="agent-env-931b3c6f-a3b7-4429-b6d7-5001a4bfe503"><testcase classname="backend.tests.test_mining_admin.TestMiningEndpoints" name="test_mining_status_requires_auth" time="0.305" /><testcase classname="backend.tests.test_mining_admin.TestMiningEndpoints" name="test_mining_status_with_auth" time="0.780" /><testcase classname="backend.tests.test_mining_admin.TestMiningEndpoints" name="test_mining_subscribe_requires_auth" time="0.210" /><testcase classname="backend.tests.test_mining_admin.TestMiningEndpoints" name="test_mining_subscribe_with_auth" time="0.932" /><testcase classname="backend.tests.test_mining_admin.TestAdminEndpoints" name="test_admin_get_mining_requests" time="0.846" /><testcase classname="backend.tests.test_mining_admin.TestAdminEndpoints" name="test_admin_activate_subscription_invalid_id" time="0.278" /><testcase classname="backend.tests.test_mining_admin.TestAdminEndpoints" name="test_admin_reject_subscription_invalid_id" time="0.227" /><testcase classname="backend.tests.test_mining_admin.TestAdminActivationFlow" name="test_full_subscription_activation_flow" time="3.210" /><testcase classname="backend.tests.test_mining_admin.TestNutritionProducts" name="test_get_nutrition_products" time="0.269" /><testcase classname="backend.tests.test_mining_admin.TestNutritionProducts" name="test_products_have_working_images" time="0.724" /><testcase classname="backend.tests.test_mining_admin.TestStepsAppLink" name="test_stepsapp_link_accessible" time="0.889" /></testsuite></testsuites>