<?xml version="1.0" encoding="utf-8"?><testsuites name="pytest tests"><testsuite name="pytest" errors="0" failures="0" skipped="0" tests="16" time="24.939" timestamp="2026-03-29T06:42:44.538986+00:00" hostname="agent-env-8167b9c8-ec0a-47c4-bc13-87fe04f15fb9"><testcase classname="backend.tests.test_persistent_mining.TestPersistentMining" name="test_get_mining_status" time="1.238" /><testcase classname="backend.tests.test_persistent_mining.TestPersistentMining" name="test_mining_status_includes_boost_config" time="0.513" /><testcase classname="backend.tests.test_persistent_mining.TestPersistentMining" name="test_start_mining_session" time="0.611" /><testcase classname="backend.tests.test_persistent_mining.TestPersistentMining" name="test_start_mining_session_returns_existing" time="0.569" /><testcase classname="backend.tests.test_persistent_mining.TestPersistentMining" name="test_get_mining_session" time="0.653" /><testcase classname="backend.tests.test_persistent_mining.TestPersistentMining" name="test_get_session_calculates_mined_amount" time="2.607" /><testcase classname="backend.tests.test_persistent_mining.TestPersistentMining" name="test_sync_mining_session" time="2.632" /><testcase classname="backend.tests.test_persistent_mining.TestPersistentMining" name="test_sync_updates_wallet_balance" time="3.762" /><testcase classname="backend.tests.test_persistent_mining.TestPersistentMining" name="test_sync_no_active_session" time="0.659" /><testcase classname="backend.tests.test_persistent_mining.TestPersistentMining" name="test_activate_boost" time="1.677" /><testcase classname="backend.tests.test_persistent_mining.TestPersistentMining" name="test_boost_cooldown" time="0.563" /><testcase classname="backend.tests.test_persistent_mining.TestPersistentMining" name="test_boost_config_per_tier" time="0.520" /><testcase classname="backend.tests.test_persistent_mining.TestPersistentMining" name="test_mining_persists_across_requests" time="3.744" /><testcase classname="backend.tests.test_persistent_mining.TestPersistentMining" name="test_mining_continues_after_page_refresh_simulation" time="3.765" /><testcase classname="backend.tests.test_persistent_mining.TestBoostConfigTiers" name="test_tier_0_free_trial_config" time="1.035" /><testcase classname="backend.tests.test_persistent_mining.TestMiningWithoutSubscription" name="test_start_mining_without_subscription" time="0.234" /></testsuite></testsuites>