<?xml version="1.0" encoding="utf-8"?><testsuites name="pytest tests"><testsuite name="pytest" errors="0" failures="0" skipped="0" tests="11" time="18.458" timestamp="2026-03-28T09:33:11.862846+00:00" hostname="agent-env-d0e39481-1d70-4600-8040-4e9e2c8c8c73"><testcase classname="backend.tests.test_price_impact_ai.TestPriceImpactModel" name="test_global_prices_endpoint_returns_ai_signals" time="1.579" /><testcase classname="backend.tests.test_price_impact_ai.TestPriceImpactModel" name="test_global_prices_includes_trade_volume" time="1.425" /><testcase classname="backend.tests.test_price_impact_ai.TestPriceImpactModel" name="test_ai_recommendations_endpoint" time="1.318" /><testcase classname="backend.tests.test_price_impact_ai.TestPriceImpactModel" name="test_buy_trade_increases_price" time="1.935" /><testcase classname="backend.tests.test_price_impact_ai.TestPriceImpactModel" name="test_sell_trade_decreases_price" time="1.868" /><testcase classname="backend.tests.test_price_impact_ai.TestPriceImpactModel" name="test_global_ledger_shows_price_after_impact" time="0.865" /><testcase classname="backend.tests.test_price_impact_ai.TestPriceImpactModel" name="test_multiple_buys_increase_buy_pressure" time="1.573" /><testcase classname="backend.tests.test_price_impact_ai.TestPriceImpactModel" name="test_ai_signal_structure_complete" time="1.249" /><testcase classname="backend.tests.test_price_impact_ai.TestPriceImpactModel" name="test_market_sentiment_updates_based_on_trades" time="1.779" /><testcase classname="backend.tests.test_price_impact_ai.TestGlobalLedgerIntegration" name="test_trade_recorded_in_global_ledger" time="1.473" /><testcase classname="backend.tests.test_price_impact_ai.TestGlobalLedgerIntegration" name="test_ledger_stats_update_correctly" time="2.183" /></testsuite></testsuites>