<?xml version="1.0" encoding="utf-8"?><testsuites name="pytest tests"><testsuite name="pytest" errors="0" failures="0" skipped="0" tests="18" time="10.039" timestamp="2026-03-27T08:38:36.900156+00:00" hostname="agent-env-45f3463d-b076-4692-baa9-4a4963ccaccf"><testcase classname="backend.tests.test_nutrition_trading.TestNutritionProducts" name="test_get_products_returns_200" time="0.338" /><testcase classname="backend.tests.test_nutrition_trading.TestNutritionProducts" name="test_products_returns_18_products" time="0.172" /><testcase classname="backend.tests.test_nutrition_trading.TestNutritionProducts" name="test_products_have_sold_units_field" time="0.162" /><testcase classname="backend.tests.test_nutrition_trading.TestNutritionProducts" name="test_products_have_required_fields" time="0.165" /><testcase classname="backend.tests.test_nutrition_trading.TestNutritionProducts" name="test_products_with_50_plus_sold_units_exist" time="0.179" /><testcase classname="backend.tests.test_nutrition_trading.TestUserRegistrationAndWallet" name="test_user_can_register" time="0.555" /><testcase classname="backend.tests.test_nutrition_trading.TestUserRegistrationAndWallet" name="test_wallet_shows_10000_ftc_bonus" time="0.167" /><testcase classname="backend.tests.test_nutrition_trading.TestUserRegistrationAndWallet" name="test_wallet_returns_holdings" time="0.200" /><testcase classname="backend.tests.test_nutrition_trading.TestNutritionBuy" name="test_buy_requires_auth" time="0.174" /><testcase classname="backend.tests.test_nutrition_trading.TestNutritionBuy" name="test_buy_product_success" time="1.205" /><testcase classname="backend.tests.test_nutrition_trading.TestNutritionBuy" name="test_buy_updates_global_sold_units" time="0.579" /><testcase classname="backend.tests.test_nutrition_trading.TestNutritionBuy" name="test_buy_insufficient_balance" time="0.190" /><testcase classname="backend.tests.test_nutrition_trading.TestNutritionBuy" name="test_buy_invalid_product" time="0.162" /><testcase classname="backend.tests.test_nutrition_trading.TestNutritionSell" name="test_sell_requires_auth" time="0.158" /><testcase classname="backend.tests.test_nutrition_trading.TestNutritionSell" name="test_sell_fails_when_trading_not_open" time="1.663" /><testcase classname="backend.tests.test_nutrition_trading.TestNutritionSell" name="test_sell_works_when_trading_open" time="1.433" /><testcase classname="backend.tests.test_nutrition_trading.TestNutritionSell" name="test_sell_fails_without_holdings" time="0.488" /><testcase classname="backend.tests.test_nutrition_trading.TestGlobalInventorySync" name="test_sold_units_visible_to_all_users" time="1.822" /></testsuite></testsuites>