<?xml version="1.0" encoding="utf-8"?><testsuites name="pytest tests"><testsuite name="pytest" errors="0" failures="0" skipped="0" tests="10" time="18.846" timestamp="2026-03-29T14:31:53.666538+00:00" hostname="agent-env-938d6268-d30a-4669-8b7d-a5528d4622c9"><testcase classname="backend.tests.test_user_balance_isolation.TestUserBalanceIsolation" name="test_01_existing_user_login_gets_correct_balance" time="7.965" /><testcase classname="backend.tests.test_user_balance_isolation.TestUserBalanceIsolation" name="test_02_register_new_user_gets_zero_balance" time="0.678" /><testcase classname="backend.tests.test_user_balance_isolation.TestUserBalanceIsolation" name="test_03_different_users_have_different_balances" time="2.183" /><testcase classname="backend.tests.test_user_balance_isolation.TestUserBalanceIsolation" name="test_04_wallet_endpoint_returns_correct_balance" time="2.482" /><testcase classname="backend.tests.test_user_balance_isolation.TestUserBalanceIsolation" name="test_05_calories_equals_ftc_ratio" time="1.959" /><testcase classname="backend.tests.test_user_balance_isolation.TestSendFTCBetweenUsers" name="test_01_wallet_verification_works" time="0.146" /><testcase classname="backend.tests.test_user_balance_isolation.TestSendFTCBetweenUsers" name="test_02_invalid_wallet_returns_not_found" time="0.137" /><testcase classname="backend.tests.test_user_balance_isolation.TestSendFTCBetweenUsers" name="test_03_send_ftc_updates_both_balances" time="0.753" /><testcase classname="backend.tests.test_user_balance_isolation.TestMiningRealTimeIncrement" name="test_01_mining_session_endpoint_works" time="0.669" /><testcase classname="backend.tests.test_user_balance_isolation.TestMiningRealTimeIncrement" name="test_02_mining_sync_endpoint_works" time="0.944" /></testsuite></testsuites>