<?xml version="1.0" encoding="utf-8"?><testsuites name="pytest tests"><testsuite name="pytest" errors="0" failures="0" skipped="0" tests="11" time="8.439" timestamp="2026-03-29T13:13:20.668333+00:00" hostname="agent-env-938d6268-d30a-4669-8b7d-a5528d4622c9"><testcase classname="backend.tests.test_wallet_transfer.TestWalletVerification" name="test_verify_valid_wallet_address" time="0.187" /><testcase classname="backend.tests.test_wallet_transfer.TestWalletVerification" name="test_verify_invalid_wallet_address" time="0.172" /><testcase classname="backend.tests.test_wallet_transfer.TestWalletVerification" name="test_verify_short_wallet_address" time="0.227" /><testcase classname="backend.tests.test_wallet_transfer.TestSendFTC" name="test_send_ftc_to_valid_wallet" time="2.030" /><testcase classname="backend.tests.test_wallet_transfer.TestSendFTC" name="test_send_ftc_to_invalid_wallet" time="1.345" /><testcase classname="backend.tests.test_wallet_transfer.TestSendFTC" name="test_send_ftc_insufficient_balance" time="1.345" /><testcase classname="backend.tests.test_wallet_transfer.TestGlobalLedger" name="test_global_ledger_returns_transactions" time="0.168" /><testcase classname="backend.tests.test_wallet_transfer.TestGlobalLedger" name="test_global_ledger_shows_ftc_transfers" time="0.197" /><testcase classname="backend.tests.test_wallet_transfer.TestMiningAndBoost" name="test_mining_status_returns_boost_config" time="0.724" /><testcase classname="backend.tests.test_wallet_transfer.TestMiningAndBoost" name="test_activate_boost" time="0.773" /><testcase classname="backend.tests.test_wallet_transfer.TestFeeCalculation" name="test_fee_calculator_endpoint" time="0.681" /></testsuite></testsuites>