<?xml version="1.0" encoding="utf-8"?><testsuites name="pytest tests"><testsuite name="pytest" errors="0" failures="0" skipped="0" tests="13" time="6.981" timestamp="2026-03-28T12:37:15.499748+00:00" hostname="agent-env-8167b9c8-ec0a-47c4-bc13-87fe04f15fb9"><testcase classname="backend.tests.test_wallet_address.TestWalletAddressFeatures" name="test_01_register_generates_wallet_address" time="0.496" /><testcase classname="backend.tests.test_wallet_address.TestWalletAddressFeatures" name="test_02_login_returns_wallet_address" time="0.787" /><testcase classname="backend.tests.test_wallet_address.TestWalletAddressFeatures" name="test_03_demo_user_login_has_wallet" time="0.382" /><testcase classname="backend.tests.test_wallet_address.TestWalletAddressFeatures" name="test_04_get_wallet_address_endpoint" time="0.527" /><testcase classname="backend.tests.test_wallet_address.TestWalletAddressFeatures" name="test_05_update_wallet_address" time="0.643" /><testcase classname="backend.tests.test_wallet_address.TestWalletAddressFeatures" name="test_06_update_wallet_validation_too_short" time="0.540" /><testcase classname="backend.tests.test_wallet_address.TestWalletAddressFeatures" name="test_07_update_wallet_validation_too_long" time="0.529" /><testcase classname="backend.tests.test_wallet_address.TestGlobalLedger" name="test_01_get_global_ledger" time="0.124" /><testcase classname="backend.tests.test_wallet_address.TestGlobalLedger" name="test_02_record_trade_to_global_ledger" time="0.525" /><testcase classname="backend.tests.test_wallet_address.TestGlobalLedger" name="test_03_global_ledger_shows_recorded_trade" time="0.662" /><testcase classname="backend.tests.test_wallet_address.TestGlobalPrices" name="test_01_get_global_prices" time="0.111" /><testcase classname="backend.tests.test_wallet_address.TestGlobalPrices" name="test_02_price_impact_from_trade" time="0.980" /><testcase classname="backend.tests.test_wallet_address.TestAuthMeEndpoint" name="test_auth_me_includes_wallet" time="0.520" /></testsuite></testsuites>